<?xml version="1.0" encoding="UTF-8"?>
<testng-results ignored="0" total="1" passed="1" failed="0" skipped="0">
  <reporter-output>
  </reporter-output>
  <suite started-at="2023-09-15T10:15:36 CEST" name="Command line suite" finished-at="2023-09-15T10:16:00 CEST" duration-ms="23897">
    <groups>
    </groups>
    <test started-at="2023-09-15T10:15:36 CEST" name="Command line test" finished-at="2023-09-15T10:16:00 CEST" duration-ms="23897">
      <class name="testaffectation.TestLogin">
        <test-method is-config="true" signature="setUp()[pri:0, instance:testaffectation.TestLogin@3224f60b]" started-at="2023-09-15T10:15:36 CEST" name="setUp" finished-at="2023-09-15T10:15:47 CEST" duration-ms="10347" status="PASS">
          <reporter-output>
          </reporter-output>
        </test-method> <!-- setUp -->
        <test-method signature="testLogin()[pri:1, instance:testaffectation.TestLogin@3224f60b]" started-at="2023-09-15T10:15:47 CEST" name="testLogin" finished-at="2023-09-15T10:16:00 CEST" duration-ms="13452" status="PASS">
          <reporter-output>
          </reporter-output>
        </test-method> <!-- testLogin -->
      </class> <!-- testaffectation.TestLogin -->
    </test> <!-- Command line test -->
  </suite> <!-- Command line suite -->
</testng-results>
